mode: set
github.com/tmc/covutil/internal/testprogram/scripttest_integration/coverage_helper.go:17.53,22.2 1 1
github.com/tmc/covutil/internal/testprogram/scripttest_integration/coverage_helper.go:25.72,29.20 2 1
github.com/tmc/covutil/internal/testprogram/scripttest_integration/coverage_helper.go:29.20,31.3 1 0
github.com/tmc/covutil/internal/testprogram/scripttest_integration/coverage_helper.go:34.2,38.52 3 1
github.com/tmc/covutil/internal/testprogram/scripttest_integration/coverage_helper.go:38.52,40.3 1 0
github.com/tmc/covutil/internal/testprogram/scripttest_integration/coverage_helper.go:43.2,43.56 1 1
github.com/tmc/covutil/internal/testprogram/scripttest_integration/coverage_helper.go:43.56,45.3 1 0
github.com/tmc/covutil/internal/testprogram/scripttest_integration/coverage_helper.go:47.2,47.12 1 1
github.com/tmc/covutil/internal/testprogram/scripttest_integration/coverage_helper.go:51.58,53.48 1 1
github.com/tmc/covutil/internal/testprogram/scripttest_integration/coverage_helper.go:53.48,55.3 1 0
github.com/tmc/covutil/internal/testprogram/scripttest_integration/coverage_helper.go:57.2,58.20 2 1
github.com/tmc/covutil/internal/testprogram/scripttest_integration/coverage_helper.go:58.20,60.3 1 0
github.com/tmc/covutil/internal/testprogram/scripttest_integration/coverage_helper.go:63.2,63.53 1 1
github.com/tmc/covutil/internal/testprogram/scripttest_integration/coverage_helper.go:63.53,65.3 1 0
github.com/tmc/covutil/internal/testprogram/scripttest_integration/coverage_helper.go:67.2,68.12 2 1
github.com/tmc/covutil/internal/testprogram/scripttest_integration/coverage_helper.go:72.69,74.20 2 1
github.com/tmc/covutil/internal/testprogram/scripttest_integration/coverage_helper.go:74.20,76.3 1 0
github.com/tmc/covutil/internal/testprogram/scripttest_integration/coverage_helper.go:79.2,80.16 2 1
github.com/tmc/covutil/internal/testprogram/scripttest_integration/coverage_helper.go:80.16,82.3 1 0
github.com/tmc/covutil/internal/testprogram/scripttest_integration/coverage_helper.go:84.2,90.29 4 1
github.com/tmc/covutil/internal/testprogram/scripttest_integration/coverage_helper.go:90.29,92.42 2 0
github.com/tmc/covutil/internal/testprogram/scripttest_integration/coverage_helper.go:92.42,94.4 1 0
github.com/tmc/covutil/internal/testprogram/scripttest_integration/coverage_helper.go:94.9,94.53 1 0
github.com/tmc/covutil/internal/testprogram/scripttest_integration/coverage_helper.go:94.53,96.4 1 0
github.com/tmc/covutil/internal/testprogram/scripttest_integration/coverage_helper.go:99.2,105.12 4 1
github.com/tmc/covutil/internal/testprogram/scripttest_integration/coverage_helper.go:109.59,111.2 1 0
github.com/tmc/covutil/internal/testprogram/scripttest_integration/coverage_helper.go:114.68,120.33 2 0
github.com/tmc/covutil/internal/testprogram/scripttest_integration/coverage_helper.go:120.33,123.53 2 0
github.com/tmc/covutil/internal/testprogram/scripttest_integration/coverage_helper.go:123.53,125.4 1 0
github.com/tmc/covutil/internal/testprogram/scripttest_integration/coverage_helper.go:127.3,127.48 1 0
github.com/tmc/covutil/internal/testprogram/scripttest_integration/coverage_helper.go:127.48,129.4 1 0
github.com/tmc/covutil/internal/testprogram/scripttest_integration/coverage_helper.go:131.3,131.54 1 0
github.com/tmc/covutil/internal/testprogram/scripttest_integration/coverage_helper.go:131.54,133.4 1 0
github.com/tmc/covutil/internal/testprogram/scripttest_integration/coverage_helper.go:135.3,135.54 1 0
github.com/tmc/covutil/internal/testprogram/scripttest_integration/coverage_helper.go:135.54,137.4 1 0
github.com/tmc/covutil/internal/testprogram/scripttest_integration/coverage_helper.go:140.2,140.17 1 0
github.com/tmc/covutil/internal/testprogram/scripttest_integration/coverage_helper.go:154.44,155.17 1 0
github.com/tmc/covutil/internal/testprogram/scripttest_integration/coverage_helper.go:155.17,157.3 1 0
github.com/tmc/covutil/internal/testprogram/scripttest_integration/coverage_helper.go:159.2,160.77 1 0
github.com/tmc/covutil/internal/testprogram/scripttest_integration/coverage_helper.go:164.52,165.37 1 0
github.com/tmc/covutil/internal/testprogram/scripttest_integration/coverage_helper.go:165.37,168.65 2 0
github.com/tmc/covutil/internal/testprogram/scripttest_integration/coverage_helper.go:168.65,170.4 1 0
github.com/tmc/covutil/internal/testprogram/scripttest_integration/coverage_helper.go:172.3,173.33 2 0
github.com/tmc/covutil/internal/testprogram/scripttest_integration/coverage_helper.go:176.2,176.12 1 0
github.com/tmc/covutil/internal/testprogram/scripttest_integration/coverage_utils.go:12.40,14.20 2 0
github.com/tmc/covutil/internal/testprogram/scripttest_integration/coverage_utils.go:14.20,16.3 1 0
github.com/tmc/covutil/internal/testprogram/scripttest_integration/coverage_utils.go:19.2,19.48 1 0
github.com/tmc/covutil/internal/testprogram/scripttest_integration/coverage_utils.go:19.48,21.3 1 0
github.com/tmc/covutil/internal/testprogram/scripttest_integration/coverage_utils.go:23.2,27.67 3 0
github.com/tmc/covutil/internal/testprogram/scripttest_integration/coverage_utils.go:27.67,30.3 2 0
github.com/tmc/covutil/internal/testprogram/scripttest_integration/coverage_utils.go:33.2,33.53 1 0
github.com/tmc/covutil/internal/testprogram/scripttest_integration/coverage_utils.go:33.53,36.3 2 0
github.com/tmc/covutil/internal/testprogram/scripttest_integration/coverage_utils.go:39.2,40.16 2 0
github.com/tmc/covutil/internal/testprogram/scripttest_integration/coverage_utils.go:40.16,43.3 2 0
github.com/tmc/covutil/internal/testprogram/scripttest_integration/coverage_utils.go:45.2,46.32 2 0
github.com/tmc/covutil/internal/testprogram/scripttest_integration/coverage_utils.go:46.32,47.20 1 0
github.com/tmc/covutil/internal/testprogram/scripttest_integration/coverage_utils.go:47.20,48.12 1 0
github.com/tmc/covutil/internal/testprogram/scripttest_integration/coverage_utils.go:51.3,52.37 2 0
github.com/tmc/covutil/internal/testprogram/scripttest_integration/coverage_utils.go:52.37,63.8 7 0
github.com/tmc/covutil/internal/testprogram/scripttest_integration/coverage_utils.go:63.8,64.55 1 0
github.com/tmc/covutil/internal/testprogram/scripttest_integration/coverage_utils.go:64.55,65.11 1 0
github.com/tmc/covutil/internal/testprogram/scripttest_integration/coverage_utils.go:67.5,69.14 3 0
github.com/tmc/covutil/internal/testprogram/scripttest_integration/coverage_utils.go:72.4,72.53 1 0
github.com/tmc/covutil/internal/testprogram/scripttest_integration/coverage_utils.go:72.53,74.5 1 0
github.com/tmc/covutil/internal/testprogram/scripttest_integration/coverage_utils.go:74.10,77.5 2 0
github.com/tmc/covutil/internal/testprogram/scripttest_integration/coverage_utils.go:81.2,81.21 1 0
github.com/tmc/covutil/internal/testprogram/scripttest_integration/coverage_utils.go:81.21,83.3 1 0
github.com/tmc/covutil/internal/testprogram/scripttest_integration/coverage_utils.go:83.8,85.3 1 0
github.com/tmc/covutil/internal/testprogram/scripttest_integration/coverage_utils.go:89.38,91.16 2 1
github.com/tmc/covutil/internal/testprogram/scripttest_integration/coverage_utils.go:91.16,93.3 1 0
github.com/tmc/covutil/internal/testprogram/scripttest_integration/coverage_utils.go:94.2,97.16 3 1
github.com/tmc/covutil/internal/testprogram/scripttest_integration/coverage_utils.go:97.16,99.3 1 0
github.com/tmc/covutil/internal/testprogram/scripttest_integration/coverage_utils.go:100.2,103.12 3 1
github.com/tmc/covutil/internal/testprogram/scripttest_integration/coverage_utils.go:107.46,109.48 1 0
github.com/tmc/covutil/internal/testprogram/scripttest_integration/coverage_utils.go:109.48,111.3 1 0
/Volumes/tmc/go/src/github.com/tmc/covutil/internal/testprogram/scripttest_integration/testdata/TestSyntheticCoverage_synthetic_test.txt:3.1,3.22 1 1
/Volumes/tmc/go/src/github.com/tmc/covutil/internal/testprogram/scripttest_integration/testdata/TestSyntheticCoverage_synthetic_test.txt:4.1,4.25 1 1
/Volumes/tmc/go/src/github.com/tmc/covutil/internal/testprogram/scripttest_integration/testdata/TestSyntheticCoverage_synthetic_test.txt:5.1,5.28 1 0
/Volumes/tmc/go/src/github.com/tmc/covutil/internal/testprogram/scripttest_integration/testdata/TestSyntheticCoverage_synthetic_test.txt:6.1,6.28 1 0
/Volumes/tmc/go/src/github.com/tmc/covutil/internal/testprogram/scripttest_integration/testdata/TestSyntheticCoverage_synthetic_test.txt:9.1,9.24 1 0
/Volumes/tmc/go/src/github.com/tmc/covutil/internal/testprogram/scripttest_integration/testdata/TestSyntheticCoverage_synthetic_test.txt:10.1,10.12 1 0
/Volumes/tmc/go/src/github.com/tmc/covutil/internal/testprogram/scripttest_integration/testdata/TestSyntheticCoverage_synthetic_test.txt:11.1,11.14 1 1
/Volumes/tmc/go/src/github.com/tmc/covutil/internal/testprogram/scripttest_integration/testdata/TestSyntheticCoverage_synthetic_test.txt:12.1,12.24 1 1
/Volumes/tmc/go/src/github.com/tmc/covutil/internal/testprogram/scripttest_integration/testdata/TestSyntheticCoverage_synthetic_test.txt:13.1,13.13 1 1
/Volumes/tmc/go/src/github.com/tmc/covutil/internal/testprogram/scripttest_integration/testdata/TestSyntheticCoverage_synthetic_test.txt:16.1,16.28 1 1
/Volumes/tmc/go/src/github.com/tmc/covutil/internal/testprogram/scripttest_integration/testdata/TestSyntheticCoverage_synthetic_test.txt:17.1,17.30 1 1
/Volumes/tmc/go/src/github.com/tmc/covutil/internal/testprogram/scripttest_integration/testdata/TestSyntheticCoverage_synthetic_test.txt:20.1,20.11 1 1
/Volumes/tmc/go/src/github.com/tmc/covutil/internal/testprogram/scripttest_integration/testdata/TestSyntheticCoverage_synthetic_test.txt:21.1,21.7 1 1
