mode: set
github.com/tmc/covutil/internal/testprogram/scripttest_integration/coverage_helper.go:17.53,22.2 1 1
github.com/tmc/covutil/internal/testprogram/scripttest_integration/coverage_helper.go:25.72,29.20 2 1
github.com/tmc/covutil/internal/testprogram/scripttest_integration/coverage_helper.go:29.20,31.3 1 0
github.com/tmc/covutil/internal/testprogram/scripttest_integration/coverage_helper.go:34.2,38.52 3 1
github.com/tmc/covutil/internal/testprogram/scripttest_integration/coverage_helper.go:38.52,40.3 1 0
github.com/tmc/covutil/internal/testprogram/scripttest_integration/coverage_helper.go:43.2,43.56 1 1
github.com/tmc/covutil/internal/testprogram/scripttest_integration/coverage_helper.go:43.56,45.3 1 0
github.com/tmc/covutil/internal/testprogram/scripttest_integration/coverage_helper.go:47.2,47.12 1 1
github.com/tmc/covutil/internal/testprogram/scripttest_integration/synthetic_coverage.go:36.30,37.89 1 1
github.com/tmc/covutil/internal/testprogram/scripttest_integration/synthetic_coverage.go:43.81,44.28 1 1
/Volumes/tmc/go/src/github.com/tmc/covutil/internal/testprogram/scripttest_integration/testdata/TestSyntheticCoverage_synthetic_test.txt:3.1,3.22 1 1
/Volumes/tmc/go/src/github.com/tmc/covutil/internal/testprogram/scripttest_integration/testdata/TestSyntheticCoverage_synthetic_test.txt:4.1,4.25 1 1
/Volumes/tmc/go/src/github.com/tmc/covutil/internal/testprogram/scripttest_integration/testdata/TestSyntheticCoverage_synthetic_test.txt:5.1,5.28 1 0
/Volumes/tmc/go/src/github.com/tmc/covutil/internal/testprogram/scripttest_integration/testdata/TestSyntheticCoverage_synthetic_test.txt:6.1,6.28 1 0
/Volumes/tmc/go/src/github.com/tmc/covutil/internal/testprogram/scripttest_integration/testdata/TestSyntheticCoverage_synthetic_test.txt:9.1,9.24 1 0
/Volumes/tmc/go/src/github.com/tmc/covutil/internal/testprogram/scripttest_integration/testdata/TestSyntheticCoverage_synthetic_test.txt:10.1,10.12 1 0
/Volumes/tmc/go/src/github.com/tmc/covutil/internal/testprogram/scripttest_integration/testdata/TestSyntheticCoverage_synthetic_test.txt:11.1,11.14 1 1
/Volumes/tmc/go/src/github.com/tmc/covutil/internal/testprogram/scripttest_integration/testdata/TestSyntheticCoverage_synthetic_test.txt:12.1,12.24 1 1
/Volumes/tmc/go/src/github.com/tmc/covutil/internal/testprogram/scripttest_integration/testdata/TestSyntheticCoverage_synthetic_test.txt:13.1,13.13 1 1
/Volumes/tmc/go/src/github.com/tmc/covutil/internal/testprogram/scripttest_integration/testdata/TestSyntheticCoverage_synthetic_test.txt:16.1,16.28 1 1
/Volumes/tmc/go/src/github.com/tmc/covutil/internal/testprogram/scripttest_integration/testdata/TestSyntheticCoverage_synthetic_test.txt:17.1,17.30 1 1
/Volumes/tmc/go/src/github.com/tmc/covutil/internal/testprogram/scripttest_integration/testdata/TestSyntheticCoverage_synthetic_test.txt:20.1,20.11 1 1
/Volumes/tmc/go/src/github.com/tmc/covutil/internal/testprogram/scripttest_integration/testdata/TestSyntheticCoverage_synthetic_test.txt:21.1,21.7 1 1