mode: set
/Volumes/tmc/go/src/github.com/tmc/covutil/internal/testprogram/scripttest_integration/testdata/TestSyntheticCoverage_synthetic_test.txt.txt:3.1,3.22 1 1
/Volumes/tmc/go/src/github.com/tmc/covutil/internal/testprogram/scripttest_integration/testdata/TestSyntheticCoverage_synthetic_test.txt.txt:4.1,4.25 1 1
/Volumes/tmc/go/src/github.com/tmc/covutil/internal/testprogram/scripttest_integration/testdata/TestSyntheticCoverage_synthetic_test.txt.txt:5.1,5.28 1 1
/Volumes/tmc/go/src/github.com/tmc/covutil/internal/testprogram/scripttest_integration/testdata/TestSyntheticCoverage_synthetic_test.txt.txt:6.1,6.28 1 1
/Volumes/tmc/go/src/github.com/tmc/covutil/internal/testprogram/scripttest_integration/testdata/TestSyntheticCoverage_synthetic_test.txt.txt:9.1,9.24 1 1
/Volumes/tmc/go/src/github.com/tmc/covutil/internal/testprogram/scripttest_integration/testdata/TestSyntheticCoverage_synthetic_test.txt.txt:10.1,10.12 1 1
/Volumes/tmc/go/src/github.com/tmc/covutil/internal/testprogram/scripttest_integration/testdata/TestSyntheticCoverage_synthetic_test.txt.txt:11.1,11.14 1 1
/Volumes/tmc/go/src/github.com/tmc/covutil/internal/testprogram/scripttest_integration/testdata/TestSyntheticCoverage_synthetic_test.txt.txt:12.1,12.24 1 1
/Volumes/tmc/go/src/github.com/tmc/covutil/internal/testprogram/scripttest_integration/testdata/TestSyntheticCoverage_synthetic_test.txt.txt:13.1,13.13 1 1
/Volumes/tmc/go/src/github.com/tmc/covutil/internal/testprogram/scripttest_integration/testdata/TestSyntheticCoverage_synthetic_test.txt.txt:16.1,16.28 1 1
/Volumes/tmc/go/src/github.com/tmc/covutil/internal/testprogram/scripttest_integration/testdata/TestSyntheticCoverage_synthetic_test.txt.txt:17.1,17.30 1 1
/Volumes/tmc/go/src/github.com/tmc/covutil/internal/testprogram/scripttest_integration/testdata/TestSyntheticCoverage_synthetic_test.txt.txt:20.1,20.11 1 1
/Volumes/tmc/go/src/github.com/tmc/covutil/internal/testprogram/scripttest_integration/testdata/TestSyntheticCoverage_synthetic_test.txt.txt:21.1,21.7 1 1